<?xml version="1.0" encoding="UTF-8"?>
<testsuite xmlns:xsi="http://www.w3.org/2001/XMLSchema-instance" xsi:noNamespaceSchemaLocation="https://maven.apache.org/surefire/maven-surefire-plugin/xsd/surefire-test-report-3.0.xsd" version="3.0" name="com.example.springbootjavatest.SpringbootJavaTestApplicationTests" time="4.568" tests="1" errors="0" skipped="0" failures="0">
  <properties>
[...]
</properties>
  <testcase name="contextLoads" classname="com.example.springbootjavatest.SpringbootJavaTestApplicationTests" time="1.721">
    <system-out><![CDATA[19:30:40.923 [main] INFO org.springframework.test.context.support.AnnotationConfigContextLoaderUtils -- Could not detect default configuration classes for test class [com.example.springbootjavatest.SpringbootJavaTestApplicationTests]: SpringbootJavaTestApplicationTests does not declare any static, non-private, non-final, nested classes annotated with @Configuration.
19:30:41.201 [main] INFO org.springframework.boot.test.context.SpringBootTestContextBootstrapper -- Found @SpringBootConfiguration com.example.springbootjavatest.SpringbootJavaTestApplication for test class com.example.springbootjavatest.SpringbootJavaTestApplicationTests

  .   ____          _            __ _ _
 /\\ / ___'_ __ _ _(_)_ __  __ _ \ \ \ \
( ( )\___ | '_ | '_| | '_ \/ _` | \ \ \ \
 \\/  ___)| |_)| | | | | || (_| |  ) ) ) )
  '  |____| .__|_| |_|_| |_\__, | / / / /
 =========|_|==============|___/=/_/_/_/
 :: Spring Boot ::                (v3.1.5)

2023-11-20T19:30:42.049+05:30  INFO 16699 --- [           main] c.e.s.SpringbootJavaTestApplicationTests : Starting SpringbootJavaTestApplicationTests using Java 17.0.8 with PID 16699 (started by tariq in /Users/tariq/Desktop/springboot-java-test)
2023-11-20T19:30:42.055+05:30  INFO 16699 --- [           main] c.e.s.SpringbootJavaTestApplicationTests : No active profile set, falling back to 1 default profile: "default"
2023-11-20T19:30:43.402+05:30  INFO 16699 --- [           main] c.e.s.SpringbootJavaTestApplicationTests : Started SpringbootJavaTestApplicationTests in 1.931 seconds (process running for 4.061)
]]></system-out>
  </testcase>
</testsuite>